<?xml version="1.0" encoding="UTF-8" ?>
<testsuite failures="0" time="0.006" errors="1" skipped="0" tests="1" name="org.ClassLoaderForTestingTest">
  <properties>
    <property name="java.vendor" value="Sun Microsystems Inc."/>
    <property name="localRepository" value="/home/dima/.m2/repository"/>
    <property name="sun.java.launcher" value="SUN_STANDARD"/>
    <property name="sun.management.compiler" value="HotSpot Tiered Compilers"/>
    <property name="idea.config.path" value="/home/dima/.IntelliJIdea80/config"/>
    <property name="os.name" value="Linux"/>
    <property name="sun.boot.class.path" value="/usr/lib/jvm/java-6-sun-1.6.0.07/jre/lib/resources.jar:/usr/lib/jvm/java-6-sun-1.6.0.07/jre/lib/rt.jar:/usr/lib/jvm/java-6-sun-1.6.0.07/jre/lib/sunrsasign.jar:/usr/lib/jvm/java-6-sun-1.6.0.07/jre/lib/jsse.jar:/usr/lib/jvm/java-6-sun-1.6.0.07/jre/lib/jce.jar:/usr/lib/jvm/java-6-sun-1.6.0.07/jre/lib/charsets.jar:/usr/lib/jvm/java-6-sun-1.6.0.07/jre/classes:../lib/boot.jar"/>
    <property name="idea.system.path" value="/home/dima/.IntelliJIdea80/system"/>
    <property name="idea.plugins.path" value="/home/dima/.IntelliJIdea80/config/plugins"/>
    <property name="java.vm.specification.vendor" value="Sun Microsystems Inc."/>
    <property name="java.runtime.version" value="1.6.0_07-b06"/>
    <property name="user.name" value="dima"/>
    <property name="proxySet" value="false"/>
    <property name="sun.swing.enableImprovedDragGesture" value=""/>
    <property name="user.language" value="en"/>
    <property name="sun.boot.library.path" value="/usr/lib/jvm/java-6-sun-1.6.0.07/jre/lib/i386"/>
    <property name="idea.fatal.error.notification" value="disabled"/>
    <property name="idea.registered" value="true"/>
    <property name="java.version" value="1.6.0_07"/>
    <property name="swing.bufferPerWindow" value="true"/>
    <property name="user.timezone" value="Europe/Moscow"/>
    <property name="sun.arch.data.model" value="32"/>
    <property name="java.endorsed.dirs" value="/usr/lib/jvm/java-6-sun-1.6.0.07/jre/lib/endorsed"/>
    <property name="sun.cpu.isalist" value=""/>
    <property name="sun.jnu.encoding" value="UTF-8"/>
    <property name="file.encoding.pkg" value="sun.io"/>
    <property name="file.separator" value="/"/>
    <property name="java.specification.name" value="Java Platform API Specification"/>
    <property name="java.class.version" value="50.0"/>
    <property name="user.country" value="US"/>
    <property name="sun.awt.noerasebackground" value="true"/>
    <property name="java.home" value="/usr/lib/jvm/java-6-sun-1.6.0.07/jre"/>
    <property name="java.vm.info" value="mixed mode"/>
    <property name="idea.jars.nocopy" value="false"/>
    <property name="os.version" value="2.6.24-21-generic"/>
    <property name="idea.execution" value="true"/>
    <property name="path.separator" value=":"/>
    <property name="java.vm.version" value="10.0-b23"/>
    <property name="idea.no.launcher" value="false"/>
    <property name="java.awt.printerjob" value="sun.print.PSPrinterJob"/>
    <property name="sun.io.unicode.encoding" value="UnicodeLittle"/>
    <property name="log4j.defaultInitOverride" value="true"/>
    <property name="user.home" value="/home/dima"/>
    <property name="java.specification.vendor" value="Sun Microsystems Inc."/>
    <property name="java.library.path" value="/usr/lib/jvm/java-6-sun-1.6.0.07/jre/lib/i386/server:/usr/lib/jvm/java-6-sun-1.6.0.07/jre/lib/i386:/usr/lib/jvm/java-6-sun-1.6.0.07/jre/../lib/i386:.::/usr/java/packages/lib/i386:/lib:/usr/lib"/>
    <property name="java.vendor.url" value="http://java.sun.com/"/>
    <property name="java.vm.vendor" value="Sun Microsystems Inc."/>
    <property name="maven.home" value=""/>
    <property name="java.runtime.name" value="Java(TM) SE Runtime Environment"/>
    <property name="java.class.path" value="../lib/bootstrap.jar:../lib/util.jar:../lib/jdom.jar:../lib/log4j.jar:../lib/extensions.jar:../lib/trove4j.jar:/usr/lib/jvm/java-6-sun/lib/tools.jar:"/>
    <property name="sun.java2d.noddraw" value="false"/>
    <property name="java.vm.specification.name" value="Java Virtual Machine Specification"/>
    <property name="idea.xdebug.key" value="-Xdebug"/>
    <property name="java.vm.specification.version" value="1.0"/>
    <property name="idea.popup.weight" value="heavy"/>
    <property name="sun.cpu.endian" value="little"/>
    <property name="sun.os.patch.level" value="unknown"/>
    <property name="surefire.test.class.path" value="/home/dima/IdeaProjects/definilizer/target/test-classes:/home/dima/IdeaProjects/definilizer/target/classes:/home/dima/.m2/repository/junit/junit/4.4/junit-4.4.jar:/home/dima/.m2/repository/org/mockito/mockito-all/1.5/mockito-all-1.5.jar:/home/dima/.m2/repository/asm/asm/2.2.2/asm-2.2.2.jar:"/>
    <property name="java.io.tmpdir" value="/tmp"/>
    <property name="java.vendor.url.bug" value="http://java.sun.com/cgi-bin/bugreport.cgi"/>
    <property name="jna.platform.library.path" value="/usr/lib:/lib"/>
    <property name="os.arch" value="i386"/>
    <property name="java.awt.graphicsenv" value="sun.awt.X11GraphicsEnvironment"/>
    <property name="idea.max.intellisense.filesize" value="2048"/>
    <property name="java.ext.dirs" value="/usr/lib/jvm/java-6-sun-1.6.0.07/jre/lib/ext:/usr/java/packages/lib/ext"/>
    <property name="user.dir" value="/home/dima/IdeaProjects/definilizer"/>
    <property name="line.separator" value="
"/>
    <property name="java.vm.name" value="Java HotSpot(TM) Server VM"/>
    <property name="basedir" value="/home/dima/IdeaProjects/definilizer"/>
    <property name="maven.mode.standalone" value="true"/>
    <property name="file.encoding" value="UTF-8"/>
    <property name="java.specification.version" value="1.6"/>
  </properties>
  <testcase time="0.003" classname="org.ClassLoaderForTestingTest" name="shouldLoadClassesFromClasspath">
    <error message="" type="java.lang.ClassNotFoundException">java.lang.ClassNotFoundException: 
	at org.definilizer.ClassLoaderForTesting.getClassAsBytes(ClassLoaderForTesting.java:74)
	at org.definilizer.ClassLoaderForTesting.loadClassManually(ClassLoaderForTesting.java:37)
	at org.definilizer.ClassLoaderForTesting.loadClass(ClassLoaderForTesting.java:33)
	at java.lang.ClassLoader.loadClass(ClassLoader.java:251)
	at org.ClassLoaderForTestingTest.shouldLoadClassesFromClasspath(ClassLoaderForTestingTest.java:16)
	at sun.reflect.NativeMethodAccessorImpl.invoke0(Native Method)
	at sun.reflect.NativeMethodAccessorImpl.invoke(NativeMethodAccessorImpl.java:39)
	at sun.reflect.DelegatingMethodAccessorImpl.invoke(DelegatingMethodAccessorImpl.java:25)
	at java.lang.reflect.Method.invoke(Method.java:597)
	at org.junit.internal.runners.TestMethod.invoke(TestMethod.java:59)
	at org.junit.internal.runners.MethodRoadie.runTestMethod(MethodRoadie.java:98)
	at org.junit.internal.runners.MethodRoadie$2.run(MethodRoadie.java:79)
	at org.junit.internal.runners.MethodRoadie.runBeforesThenTestThenAfters(MethodRoadie.java:87)
	at org.junit.internal.runners.MethodRoadie.runTest(MethodRoadie.java:77)
	at org.junit.internal.runners.MethodRoadie.run(MethodRoadie.java:42)
	at org.junit.internal.runners.JUnit4ClassRunner.invokeTestMethod(JUnit4ClassRunner.java:88)
	at org.junit.internal.runners.JUnit4ClassRunner.runMethods(JUnit4ClassRunner.java:51)
	at org.junit.internal.runners.JUnit4ClassRunner$1.run(JUnit4ClassRunner.java:44)
	at org.junit.internal.runners.ClassRoadie.runUnprotected(ClassRoadie.java:27)
	at org.junit.internal.runners.ClassRoadie.runProtected(ClassRoadie.java:37)
	at org.junit.internal.runners.JUnit4ClassRunner.run(JUnit4ClassRunner.java:42)
	at org.apache.maven.surefire.junit4.JUnit4TestSet.execute(JUnit4TestSet.java:62)
	at org.apache.maven.surefire.suite.AbstractDirectoryTestSuite.executeTestSet(AbstractDirectoryTestSuite.java:140)
	at org.apache.maven.surefire.suite.AbstractDirectoryTestSuite.execute(AbstractDirectoryTestSuite.java:127)
	at org.apache.maven.surefire.Surefire.run(Surefire.java:177)
	at sun.reflect.NativeMethodAccessorImpl.invoke0(Native Method)
	at sun.reflect.NativeMethodAccessorImpl.invoke(NativeMethodAccessorImpl.java:39)
	at sun.reflect.DelegatingMethodAccessorImpl.invoke(DelegatingMethodAccessorImpl.java:25)
	at java.lang.reflect.Method.invoke(Method.java:597)
	at org.apache.maven.surefire.booter.SurefireBooter.runSuitesInProcess(SurefireBooter.java:338)
	at org.apache.maven.surefire.booter.SurefireBooter.main(SurefireBooter.java:997)
Caused by: java.io.IOException: Cannot find home/lib/Data.class
	at org.definilizer.ClassLoaderForTesting.getClassAsBytes(ClassLoaderForTesting.java:61)
	... 30 more
</error>
  </testcase>
</testsuite>